#-----------------------------------------------------------
# Vivado v2018.2 (64-bit)
# SW Build 2258646 on Thu Jun 14 20:03:12 MDT 2018
# IP Build 2256618 on Thu Jun 14 22:10:49 MDT 2018
# Start of session at: Wed Apr  3 13:33:38 2024
# Process ID: 13996
# Current directory: D:/Desktop/TurboStrike-FPGA-Project
# Command line: vivado.exe -gui_launcher_event rodinguilauncherevent31448 D:\Desktop\TurboStrike-FPGA-Project\TurboStrike.xpr
# Log file: D:/Desktop/TurboStrike-FPGA-Project/vivado.log
# Journal file: D:/Desktop/TurboStrike-FPGA-Project\vivado.jou
#-----------------------------------------------------------
Sourcing tcl script 'D:/Xilinx/Vivado/2018.2/scripts/Vivado_init.tcl'
start_gui
open_project D:/Desktop/TurboStrike-FPGA-Project/TurboStrike.xpr
Scanning sources...
Finished scanning sources
INFO: [IP_Flow 19-234] Refreshing IP repositories
INFO: [IP_Flow 19-1704] No user IP repositories specified
INFO: [IP_Flow 19-2313] Loaded Vivado IP repository 'D:/Xilinx/Vivado/2018.2/data/ip'.
update_compile_order -fileset sources_1
exit
INFO: [Common 17-206] Exiting Vivado at Wed Apr  3 13:38:42 2024...
